<?xml version="1.0" encoding="UTF-8"?>
<testsuite name="com.commit.campus.service.UserServiceTests" tests="2" skipped="0" failures="0" errors="0" timestamp="2024-08-14T05:42:28" hostname="baegdonghyeon-ui-MacBookPro.local" time="0.494">
  <properties/>
  <testcase name="회원가입_테스트()" classname="com.commit.campus.service.UserServiceTests" time="0.266"/>
  <testcase name="회원탈퇴_테스트()" classname="com.commit.campus.service.UserServiceTests" time="0.227"/>
  <system-out><![CDATA[2024-08-14T14:42:28.587+09:00  INFO 76553 --- [Camp_Reserve] [    Test worker] t.c.s.AnnotationConfigContextLoaderUtils : Could not detect default configuration classes for test class [com.commit.campus.service.UserServiceTests]: UserServiceTests does not declare any static, non-private, non-final, nested classes annotated with @Configuration.
2024-08-14T14:42:28.589+09:00  INFO 76553 --- [Camp_Reserve] [    Test worker] .b.t.c.SpringBootTestContextBootstrapper : Found @SpringBootConfiguration com.commit.campus.CampReserveApplication for test class com.commit.campus.service.UserServiceTests
Hibernate: insert into user (birth_day,email,enroll_date,name,nickname,passwd,phone_number,profile_image_url,registration_date,role,status,user_addr) values (?,?,?,?,?,?,?,?,?,?,?,?)
Hibernate: select u1_0.user_id,u1_0.birth_day,u1_0.email,u1_0.enroll_date,u1_0.name,u1_0.nickname,u1_0.passwd,u1_0.phone_number,u1_0.profile_image_url,u1_0.registration_date,u1_0.role,u1_0.status,u1_0.user_addr from user u1_0 where u1_0.email=?
Hibernate: insert into user (birth_day,email,enroll_date,name,nickname,passwd,phone_number,profile_image_url,registration_date,role,status,user_addr) values (?,?,?,?,?,?,?,?,?,?,?,?)
Hibernate: select u1_0.user_id,u1_0.birth_day,u1_0.email,u1_0.enroll_date,u1_0.name,u1_0.nickname,u1_0.passwd,u1_0.phone_number,u1_0.profile_image_url,u1_0.registration_date,u1_0.role,u1_0.status,u1_0.user_addr from user u1_0 where u1_0.email=?
Hibernate: select ust1_0.status_type_id,ust1_0.status_type from user_status_type ust1_0 where ust1_0.status_type_id=?
Hibernate: insert into user_status_history (modified_date,user_id,status_type_id) values (?,?,?)
Hibernate: update user set enroll_date=?,registration_date=?,role=?,status=? where user_id=?
Hibernate: select u1_0.user_id,u1_0.birth_day,u1_0.email,u1_0.enroll_date,u1_0.name,u1_0.nickname,u1_0.passwd,u1_0.phone_number,u1_0.profile_image_url,u1_0.registration_date,u1_0.role,u1_0.status,u1_0.user_addr from user u1_0 where u1_0.email=?
Hibernate: select ush1_0.history_id,ush1_0.modified_date,ush1_0.user_id,ush1_0.status_type_id from user_status_history ush1_0 where ush1_0.user_id=? order by ush1_0.modified_date desc limit ?
]]></system-out>
  <system-err><![CDATA[]]></system-err>
</testsuite>
