<?xml version="1.0" encoding="UTF-8"?>
<testsuite name="com.commit.campus.CampReserveApplicationTests" tests="1" skipped="0" failures="0" errors="0" timestamp="2024-08-14T05:42:27" hostname="baegdonghyeon-ui-MacBookPro.local" time="0.509">
  <properties/>
  <testcase name="contextLoads()" classname="com.commit.campus.CampReserveApplicationTests" time="0.509"/>
  <system-out><![CDATA[14:42:22.540 [Test worker] INFO org.springframework.test.context.support.AnnotationConfigContextLoaderUtils -- Could not detect default configuration classes for test class [com.commit.campus.CampReserveApplicationTests]: CampReserveApplicationTests does not declare any static, non-private, non-final, nested classes annotated with @Configuration.
14:42:22.604 [Test worker] INFO org.springframework.boot.test.context.SpringBootTestContextBootstrapper -- Found @SpringBootConfiguration com.commit.campus.CampReserveApplication for test class com.commit.campus.CampReserveApplicationTests

  .   ____          _            __ _ _
 /\\ / ___'_ __ _ _(_)_ __  __ _ \ \ \ \
( ( )\___ | '_ | '_| | '_ \/ _` | \ \ \ \
 \\/  ___)| |_)| | | | | || (_| |  ) ) ) )
  '  |____| .__|_| |_|_| |_\__, | / / / /
 =========|_|==============|___/=/_/_/_/

 :: Spring Boot ::                (v3.3.1)

2024-08-14T14:42:22.846+09:00  INFO 76553 --- [Camp_Reserve] [    Test worker] c.c.campus.CampReserveApplicationTests   : Starting CampReserveApplicationTests using Java 21.0.4 with PID 76553 (started by baekdonghyeon in /Users/baekdonghyeon/Camp_us)
2024-08-14T14:42:22.847+09:00  INFO 76553 --- [Camp_Reserve] [    Test worker] c.c.campus.CampReserveApplicationTests   : No active profile set, falling back to 1 default profile: "default"
2024-08-14T14:42:23.222+09:00  INFO 76553 --- [Camp_Reserve] [    Test worker] .s.d.r.c.RepositoryConfigurationDelegate : Multiple Spring Data modules found, entering strict repository configuration mode
2024-08-14T14:42:23.222+09:00  INFO 76553 --- [Camp_Reserve] [    Test worker] .s.d.r.c.RepositoryConfigurationDelegate : Bootstrapping Spring Data Redis repositories in DEFAULT mode.
2024-08-14T14:42:23.231+09:00  INFO 76553 --- [Camp_Reserve] [    Test worker] .s.d.r.c.RepositoryConfigurationDelegate : Finished Spring Data repository scanning in 2 ms. Found 0 Redis repository interfaces.
2024-08-14T14:42:23.401+09:00  INFO 76553 --- [Camp_Reserve] [    Test worker] .s.d.r.c.RepositoryConfigurationDelegate : Multiple Spring Data modules found, entering strict repository configuration mode
2024-08-14T14:42:23.401+09:00  INFO 76553 --- [Camp_Reserve] [    Test worker] .s.d.r.c.RepositoryConfigurationDelegate : Bootstrapping Spring Data JPA repositories in DEFAULT mode.
2024-08-14T14:42:23.499+09:00  INFO 76553 --- [Camp_Reserve] [    Test worker] .s.d.r.c.RepositoryConfigurationDelegate : Finished Spring Data repository scanning in 96 ms. Found 10 JPA repository interfaces.
2024-08-14T14:42:23.508+09:00  INFO 76553 --- [Camp_Reserve] [    Test worker] .s.d.r.c.RepositoryConfigurationDelegate : Multiple Spring Data modules found, entering strict repository configuration mode
2024-08-14T14:42:23.508+09:00  INFO 76553 --- [Camp_Reserve] [    Test worker] .s.d.r.c.RepositoryConfigurationDelegate : Bootstrapping Spring Data Redis repositories in DEFAULT mode.
2024-08-14T14:42:23.515+09:00  INFO 76553 --- [Camp_Reserve] [    Test worker] .RepositoryConfigurationExtensionSupport : Spring Data Redis - Could not safely identify store assignment for repository candidate interface com.commit.campus.repository.AvailabilityRepository; If you want this repository to be a Redis repository, consider annotating your entities with one of these annotations: org.springframework.data.redis.core.RedisHash (preferred), or consider extending one of the following types with your repository: org.springframework.data.keyvalue.repository.KeyValueRepository
2024-08-14T14:42:23.515+09:00  INFO 76553 --- [Camp_Reserve] [    Test worker] .RepositoryConfigurationExtensionSupport : Spring Data Redis - Could not safely identify store assignment for repository candidate interface com.commit.campus.repository.CampingFacilitiesRepository; If you want this repository to be a Redis repository, consider annotating your entities with one of these annotations: org.springframework.data.redis.core.RedisHash (preferred), or consider extending one of the following types with your repository: org.springframework.data.keyvalue.repository.KeyValueRepository
2024-08-14T14:42:23.516+09:00  INFO 76553 --- [Camp_Reserve] [    Test worker] .RepositoryConfigurationExtensionSupport : Spring Data Redis - Could not safely identify store assignment for repository candidate interface com.commit.campus.repository.CampingRepository; If you want this repository to be a Redis repository, consider annotating your entities with one of these annotations: org.springframework.data.redis.core.RedisHash (preferred), or consider extending one of the following types with your repository: org.springframework.data.keyvalue.repository.KeyValueRepository
2024-08-14T14:42:23.516+09:00  INFO 76553 --- [Camp_Reserve] [    Test worker] .RepositoryConfigurationExtensionSupport : Spring Data Redis - Could not safely identify store assignment for repository candidate interface com.commit.campus.repository.CampingSummaryRepository; If you want this repository to be a Redis repository, consider annotating your entities with one of these annotations: org.springframework.data.redis.core.RedisHash (preferred), or consider extending one of the following types with your repository: org.springframework.data.keyvalue.repository.KeyValueRepository
2024-08-14T14:42:23.516+09:00  INFO 76553 --- [Camp_Reserve] [    Test worker] .RepositoryConfigurationExtensionSupport : Spring Data Redis - Could not safely identify store assignment for repository candidate interface com.commit.campus.repository.MyReviewRepository; If you want this repository to be a Redis repository, consider annotating your entities with one of these annotations: org.springframework.data.redis.core.RedisHash (preferred), or consider extending one of the following types with your repository: org.springframework.data.keyvalue.repository.KeyValueRepository
2024-08-14T14:42:23.517+09:00  INFO 76553 --- [Camp_Reserve] [    Test worker] .RepositoryConfigurationExtensionSupport : Spring Data Redis - Could not safely identify store assignment for repository candidate interface com.commit.campus.repository.ReservationRepository; If you want this repository to be a Redis repository, consider annotating your entities with one of these annotations: org.springframework.data.redis.core.RedisHash (preferred), or consider extending one of the following types with your repository: org.springframework.data.keyvalue.repository.KeyValueRepository
2024-08-14T14:42:23.517+09:00  INFO 76553 --- [Camp_Reserve] [    Test worker] .RepositoryConfigurationExtensionSupport : Spring Data Redis - Could not safely identify store assignment for repository candidate interface com.commit.campus.repository.ReviewRepository; If you want this repository to be a Redis repository, consider annotating your entities with one of these annotations: org.springframework.data.redis.core.RedisHash (preferred), or consider extending one of the following types with your repository: org.springframework.data.keyvalue.repository.KeyValueRepository
2024-08-14T14:42:23.517+09:00  INFO 76553 --- [Camp_Reserve] [    Test worker] .RepositoryConfigurationExtensionSupport : Spring Data Redis - Could not safely identify store assignment for repository candidate interface com.commit.campus.repository.UserRepository; If you want this repository to be a Redis repository, consider annotating your entities with one of these annotations: org.springframework.data.redis.core.RedisHash (preferred), or consider extending one of the following types with your repository: org.springframework.data.keyvalue.repository.KeyValueRepository
2024-08-14T14:42:23.517+09:00  INFO 76553 --- [Camp_Reserve] [    Test worker] .RepositoryConfigurationExtensionSupport : Spring Data Redis - Could not safely identify store assignment for repository candidate interface com.commit.campus.repository.UserStatusHistoryRepository; If you want this repository to be a Redis repository, consider annotating your entities with one of these annotations: org.springframework.data.redis.core.RedisHash (preferred), or consider extending one of the following types with your repository: org.springframework.data.keyvalue.repository.KeyValueRepository
2024-08-14T14:42:23.517+09:00  INFO 76553 --- [Camp_Reserve] [    Test worker] .RepositoryConfigurationExtensionSupport : Spring Data Redis - Could not safely identify store assignment for repository candidate interface com.commit.campus.repository.UserStatusTypeRepository; If you want this repository to be a Redis repository, consider annotating your entities with one of these annotations: org.springframework.data.redis.core.RedisHash (preferred), or consider extending one of the following types with your repository: org.springframework.data.keyvalue.repository.KeyValueRepository
2024-08-14T14:42:23.517+09:00  INFO 76553 --- [Camp_Reserve] [    Test worker] .s.d.r.c.RepositoryConfigurationDelegate : Finished Spring Data repository scanning in 8 ms. Found 0 Redis repository interfaces.
2024-08-14T14:42:23.667+09:00  INFO 76553 --- [Camp_Reserve] [    Test worker] o.s.cloud.context.scope.GenericScope     : BeanFactory id=911ae951-83dd-3b7f-8803-ae6f8ebf5187
2024-08-14T14:42:23.843+09:00  INFO 76553 --- [Camp_Reserve] [    Test worker] com.zaxxer.hikari.HikariDataSource       : HikariPool-1 - Starting...
2024-08-14T14:42:24.148+09:00  INFO 76553 --- [Camp_Reserve] [    Test worker] com.zaxxer.hikari.pool.HikariPool        : HikariPool-1 - Added connection com.mysql.cj.jdbc.ConnectionImpl@131d977f
2024-08-14T14:42:24.149+09:00  INFO 76553 --- [Camp_Reserve] [    Test worker] com.zaxxer.hikari.HikariDataSource       : HikariPool-1 - Start completed.
2024-08-14T14:42:24.176+09:00  INFO 76553 --- [Camp_Reserve] [    Test worker] o.hibernate.jpa.internal.util.LogHelper  : HHH000204: Processing PersistenceUnitInfo [name: default]
2024-08-14T14:42:24.197+09:00  INFO 76553 --- [Camp_Reserve] [    Test worker] org.hibernate.Version                    : HHH000412: Hibernate ORM core version 6.5.2.Final
2024-08-14T14:42:24.211+09:00  INFO 76553 --- [Camp_Reserve] [    Test worker] o.h.c.internal.RegionFactoryInitiator    : HHH000026: Second-level cache disabled
2024-08-14T14:42:24.351+09:00  INFO 76553 --- [Camp_Reserve] [    Test worker] o.s.o.j.p.SpringPersistenceUnitInfo      : No LoadTimeWeaver setup: ignoring JPA class transformer
2024-08-14T14:42:24.403+09:00  WARN 76553 --- [Camp_Reserve] [    Test worker] org.hibernate.orm.deprecation            : HHH90000025: MySQLDialect does not need to be specified explicitly using 'hibernate.dialect' (remove the property setting and it will be selected by default)
2024-08-14T14:42:24.968+09:00  INFO 76553 --- [Camp_Reserve] [    Test worker] o.h.e.t.j.p.i.JtaPlatformInitiator       : HHH000489: No JTA platform available (set 'hibernate.transaction.jta.platform' to enable JTA platform integration)
2024-08-14T14:42:24.970+09:00  INFO 76553 --- [Camp_Reserve] [    Test worker] j.LocalContainerEntityManagerFactoryBean : Initialized JPA EntityManagerFactory for persistence unit 'default'
2024-08-14T14:42:25.086+09:00  INFO 76553 --- [Camp_Reserve] [    Test worker] o.s.d.j.r.query.QueryEnhancerFactory     : Hibernate is in classpath; If applicable, HQL parser will be used.
2024-08-14T14:42:25.969+09:00  WARN 76553 --- [Camp_Reserve] [    Test worker] JpaBaseConfiguration$JpaWebConfiguration : spring.jpa.open-in-view is enabled by default. Therefore, database queries may be performed during view rendering. Explicitly configure spring.jpa.open-in-view to disable this warning
2024-08-14T14:42:26.611+09:00  WARN 76553 --- [Camp_Reserve] [    Test worker] r$InitializeUserDetailsManagerConfigurer : Found 2 UserDetailsService beans, with names [cognitoUserServiceImpl, userServiceImpl]. Global Authentication Manager will not use a UserDetailsService for username/password login. Consider publishing a single UserDetailsService bean.
2024-08-14T14:42:26.835+09:00  WARN 76553 --- [Camp_Reserve] [    Test worker] ion$DefaultTemplateResolverConfiguration : Cannot find template location: classpath:/templates/ (please add some templates, check your Thymeleaf configuration, or set spring.thymeleaf.check-template-location=false)
2024-08-14T14:42:27.010+09:00  INFO 76553 --- [Camp_Reserve] [    Test worker] c.c.campus.CampReserveApplicationTests   : Started CampReserveApplicationTests in 4.334 seconds (process running for 5.123)
]]></system-out>
  <system-err><![CDATA[WARNING: A Java agent has been loaded dynamically (/Users/baekdonghyeon/.gradle/caches/modules-2/files-2.1/net.bytebuddy/byte-buddy-agent/1.14.17/e3c251a39dc90badaf71c83427ba46840f219d8d/byte-buddy-agent-1.14.17.jar)
WARNING: If a serviceability tool is in use, please run with -XX:+EnableDynamicAgentLoading to hide this warning
WARNING: If a serviceability tool is not in use, please run with -Djdk.instrument.traceUsage for more information
WARNING: Dynamic loading of agents will be disallowed by default in a future release
]]></system-err>
</testsuite>
